  CBuffers.cpp
S:\Workspaces\VisualStudio\source\LuxEngine\Stages\11-LuxEngine2D\LuxEngine_VsProject\LuxEngine\Core\Compute\CBuffers.cpp(3,10): fatal error C1083: Cannot open include file: 'LuxEngine/Core/Core.h': No such file or directory
  Compute.cpp
S:\Workspaces\VisualStudio\source\LuxEngine\Stages\11-LuxEngine2D\LuxEngine_VsProject\LuxEngine\Core\Compute\Compute.cpp(3,10): fatal error C1083: Cannot open include file: 'LuxEngine/Core/Compute/Compute.h': No such file or directory
  CShader.cpp
S:\Workspaces\VisualStudio\source\LuxEngine\Stages\11-LuxEngine2D\LuxEngine_VsProject\LuxEngine\Core\Compute\CShader.cpp(3,10): fatal error C1083: Cannot open include file: 'LuxEngine/Core/Compute/CShader.h': No such file or directory
  Devices.cpp
S:\Workspaces\VisualStudio\source\LuxEngine\Stages\11-LuxEngine2D\LuxEngine_VsProject\LuxEngine\Core\Devices.cpp(3,10): fatal error C1083: Cannot open include file: 'LuxEngine/Core/Core.h': No such file or directory
  Core.cpp
S:\Workspaces\VisualStudio\source\LuxEngine\Stages\11-LuxEngine2D\LuxEngine_VsProject\LuxEngine\Core\Core.cpp(3,10): fatal error C1083: Cannot open include file: 'LuxEngine/Threads/ThreadPool.h': No such file or directory
  GCommands.cpp
S:\Workspaces\VisualStudio\source\LuxEngine\Stages\11-LuxEngine2D\LuxEngine_VsProject\LuxEngine\Core\Graphics\GCommands.cpp(3,10): fatal error C1083: Cannot open include file: 'LuxEngine/Core/Core.h': No such file or directory
  GOutput.cpp
S:\Workspaces\VisualStudio\source\LuxEngine\Stages\11-LuxEngine2D\LuxEngine_VsProject\LuxEngine\Core\Graphics\GOutput.cpp(3,10): fatal error C1083: Cannot open include file: 'LuxEngine/Core/Graphics/GOutput.h': No such file or directory
  Graphics.cpp
S:\Workspaces\VisualStudio\source\LuxEngine\Stages\11-LuxEngine2D\LuxEngine_VsProject\LuxEngine\Core\Graphics\Graphics.cpp(3,10): fatal error C1083: Cannot open include file: 'vulkan/vulkan.h': No such file or directory
  GSwapchain.cpp
S:\Workspaces\VisualStudio\source\LuxEngine\Stages\11-LuxEngine2D\LuxEngine_VsProject\LuxEngine\Core\Graphics\GSwapchain.cpp(2,10): fatal error C1083: Cannot open include file: 'LuxEngine/Core/Graphics/GSwapchain.h': No such file or directory
  Window.cpp
S:\Workspaces\VisualStudio\source\LuxEngine\Stages\11-LuxEngine2D\LuxEngine_VsProject\LuxEngine\Core\Graphics\Window.cpp(2,10): fatal error C1083: Cannot open include file: 'LuxEngine/Core/Core.h': No such file or directory
  Input.cpp
S:\Workspaces\VisualStudio\source\LuxEngine\Stages\11-LuxEngine2D\LuxEngine_VsProject\LuxEngine\Core\Input\Input.cpp(2,10): fatal error C1083: Cannot open include file: 'LuxEngine/Core/Input/Input.h': No such file or directory
  InputState.cpp
S:\Workspaces\VisualStudio\source\LuxEngine\Stages\11-LuxEngine2D\LuxEngine_VsProject\LuxEngine\Core\Input\InputState.cpp(2,10): fatal error C1083: Cannot open include file: 'LuxEngine/Core/Input/InputState.h': No such file or directory
  GoniometricFunctions.cpp
S:\Workspaces\VisualStudio\source\LuxEngine\Stages\11-LuxEngine2D\LuxEngine_VsProject\LuxEngine\Math\Trigonometry\GoniometricFunctions.h(3,10): fatal error C1083: Cannot open include file: 'LuxEngine/LuxEngine_config.h': No such file or directory
  Memory.cpp
S:\Workspaces\VisualStudio\source\LuxEngine\Stages\11-LuxEngine2D\LuxEngine_VsProject\LuxEngine\Memory\Memory.cpp(2,10): fatal error C1083: Cannot open include file: 'LuxEngine/Memory/Memory.h': No such file or directory
  System.cpp
S:\Workspaces\VisualStudio\source\LuxEngine\Stages\11-LuxEngine2D\LuxEngine_VsProject\LuxEngine\System\System.cpp(2,10): fatal error C1083: Cannot open include file: 'LuxEngine/System/System.h': No such file or directory
  ThreadPool.cpp
S:\Workspaces\VisualStudio\source\LuxEngine\Stages\11-LuxEngine2D\LuxEngine_VsProject\LuxEngine\Threads\ThreadPool.cpp(2,10): fatal error C1083: Cannot open include file: 'LuxEngine/Threads/ThreadPool.h': No such file or directory
  LuxQueue.h
S:\Workspaces\VisualStudio\source\LuxEngine\Stages\11-LuxEngine2D\LuxEngine_VsProject\LuxEngine\Types\Containers\LuxArray.h(2,10): fatal error C1083: Cannot open include file: 'LuxEngine/macros.h': No such file or directory
  2DBorder.cpp
S:\Workspaces\VisualStudio\source\LuxEngine\Stages\11-LuxEngine2D\LuxEngine_VsProject\LuxEngine\Types\LuxObject\2D\2DBorder.h(2,10): fatal error C1083: Cannot open include file: 'LuxEngine/Core/Compute/CShader.h': No such file or directory
  2DLines.cpp
S:\Workspaces\VisualStudio\source\LuxEngine\Stages\11-LuxEngine2D\LuxEngine_VsProject\LuxEngine\Types\LuxObject\2D\2DLines.cpp(2,10): fatal error C1083: Cannot open include file: 'LuxEngine/Core/Core.h': No such file or directory
  2DRenderSpace.cpp
S:\Workspaces\VisualStudio\source\LuxEngine\Stages\11-LuxEngine2D\LuxEngine_VsProject\LuxEngine\Types\LuxObject\2D\2DRenderSpace.cpp(2,10): fatal error C1083: Cannot open include file: 'LuxEngine/Types/LuxObject/2D/2DRenderSpace.h': No such file or directory
  Compiling...
  LuxObject.cpp
S:\Workspaces\VisualStudio\source\LuxEngine\Stages\11-LuxEngine2D\LuxEngine_VsProject\LuxEngine\Types\LuxObject\LuxObject.cpp(2,10): fatal error C1083: Cannot open include file: 'LuxEngine/Core/Core.h': No such file or directory
