S:\Junk\VisualStudio2019\Enterprise\MSBuild\Microsoft\VC\v160\Microsoft.CppBuild.targets(467,5): warning MSB8028: The intermediate directory (x64\Release\) contains files shared from another project (LuxEngine_VsProject.vcxproj).  This can lead to incorrect clean and rebuild behavior.
cl : command line warning D9025: overriding '/sdl-' with '/GS-'
  Render.cpp
C:\Program Files (x86)\Windows Kits\10\Include\10.0.18362.0\shared\minwindef.h(130,1): warning C4005: 'APIENTRY': macro redefinition
S:\CppLibraries\glfw3\include\GLFW\glfw3.h(123): message : see previous definition of 'APIENTRY'
S:\Workspaces\VisualStudio\source\repos\MandragoraEngine_MergeStage\LuxEngine_VsProject\Object\Object.h(94,62): warning C4244: 'argument': conversion from 'uint64' to 'vecType', possible loss of data
          with
          [
              vecType=uint32
          ]
S:\Workspaces\VisualStudio\source\repos\MandragoraEngine_MergeStage\LuxEngine_VsProject\RenderEngine\Render.h(985,20): warning C4996: 'fopen': This function or variable may be unsafe. Consider using fopen_s instead. To disable deprecation, use _CRT_SECURE_NO_WARNINGS. See online help for details.
S:\Workspaces\VisualStudio\source\repos\MandragoraEngine_MergeStage\LuxEngine_VsProject\RenderEngine\Render.h(1116,49): warning C4244: 'argument': conversion from 'float' to 'uint32_t', possible loss of data
S:\Workspaces\VisualStudio\source\repos\MandragoraEngine_MergeStage\LuxEngine_VsProject\RenderEngine\Render.cpp(412,22): warning C4018: '<': signed/unsigned mismatch
S:\Workspaces\VisualStudio\source\repos\MandragoraEngine_MergeStage\LuxEngine_VsProject\RenderEngine\Render.cpp(898,22): warning C4018: '<': signed/unsigned mismatch
S:\Workspaces\VisualStudio\source\repos\MandragoraEngine_MergeStage\LuxEngine_VsProject\RenderEngine\Render.cpp(979,22): warning C4018: '<': signed/unsigned mismatch
S:\Workspaces\VisualStudio\source\repos\MandragoraEngine_MergeStage\LuxEngine_VsProject\RenderEngine\Render.cpp(1017,22): warning C4018: '<': signed/unsigned mismatch
S:\Workspaces\VisualStudio\source\repos\MandragoraEngine_MergeStage\LuxEngine_VsProject\RenderEngine\Render.cpp(1108,22): warning C4018: '<': signed/unsigned mismatch
  Generating code
  2 of 2715 functions (<0.1%) were compiled, the rest were copied from previous compilation.
    0 functions were new in current compilation
    5 functions had inline decision re-evaluated but remain unchanged
  Finished generating code
  LuxEngine_VsProject.vcxproj -> S:\Workspaces\VisualStudio\source\repos\MandragoraEngine_MergeStage\x64\Release\MandragoraEngine.exe
